RAC000000787
RAC000000816
RAC000000821
RAC000000825
RAC000000809
RAC000000812
RAC000000817
RAC000000818
RAC000000820
RAC000000824
A0000007098
A0000007137
A0000007138
A0000007203
A0000007258
A0000018515
A0000018524
A0000018543
A0000018592
A0000018652
A0000018687
A0000030372
A0000030637
A0000030839
A0000030878
A0000031017
A0000041281
A0000041369
A0000041376
A0000041380
A0000041391
A0000041425
A0000041450
A0000041466
A0000041468
A0000041469
A0000041495
A0000041509
A0000041534
A0000053018
A0000053471
A0000053918
A0000054904
A0000055031
A0000055076
A0000055113
A0000055249
A0000055261
A0000055269
A0000055288
A0000055300
A0000055312
A0000055340
A0000055356
A0000055391
A0000055397
A0000055405
A0000055424
A0000055436
A0000055438
A0000055444
A0000055449
A0000055461
A0000055478
A0000055488
A0000055493
A0000055501
A0000069025
A0000069068
A0000069103
A0000069113
A0000069126
A0000069128
A0000069132
A0000069142
A0000069143
A0000069163
A0000069164
A0000069170
A0000069189
A0000069192
A0000069194
A0000069195
A0000069214
A0000069218
A0000069233
A0000069281
A0000069283
A0000069287
A0000069363
A0000069369
A0000069387
A0000082555
A0000082647
A0000082773
A0000082800
A0000082864
A0000082869
A0000082905
A0000082908
A0000082911
A0000082916
A0000082923
A0000082940
A0000082941
A0000082949
A0000082951
A0000082954
A0000082958
A0000082972
A0000082974
A0000082976
A0000083005
A0000083020
A0000083021
A0000083023
A0000096546
A0000096575
A0000096582
A0000096585
A0000096616
A0000096629
A0000096668
A0000096684
A0000096703
A0000096706
A0000096720
A0000096725
A0000096731
A0000096749
A0000108993
A0000109056
A0000109059
A0000109070
A0000109083
A0000109102
A0000109105
A0000109113
A0000096788
A0000006998
A0000007065
A0000007077
A0000007104
A0000007185
A0000007219
A0000007227
A0000018552
A0000018581
A0000018583
A0000018589
A0000018644
A0000018668
A0000018689
A0000018697
A0000030616
A0000030697
A0000030706
A0000030745
A0000030807
A0000030891
A0000030896
A0000030897
A0000041149
A0000041373
A0000041381
A0000041438
A0000041444
A0000041447
A0000041448
A0000041464
A0000041482
A0000041486
A0000041522
A0000041557
A0000041584
A0000041611
A0000054134
A0000055303
A0000055304
A0000055319
A0000055350
A0000055370
A0000055383
A0000055389
A0000055390
A0000055429
A0000055435
A0000055457
A0000055472
A0000055474
A0000055517
A0000068704
A0000069045
A0000069133
A0000069138
A0000069162
A0000069227
A0000069229
A0000069262
A0000069267
A0000069278
A0000069286
A0000069300
A0000069315
A0000069344
A0000082629
A0000082670
A0000082677
A0000082786
A0000082790
A0000082798
A0000082799
A0000082802
A0000082833
A0000082838
A0000082844
A0000082860
A0000082881
A0000082894
A0000082901
A0000082926
A0000082931
A0000082947
A0000082965
A0000082968
A0000082979
A0000082996
A0000083004
A0000083008
A0000083010
A0000095202
A0000096518
A0000096570
A0000096589
A0000096593
A0000096603
A0000096665
A0000096671
A0000096678
A0000096690
A0000096695
A0000096698
A0000096714
A0000096724
A0000096729
A0000096741
A0000096746
A0000096748
A0000096766
A0000096775
A0000096787
A0000109035
A0000109043
A0000109048
A0000109065
A0000109069
A0000109073
A0000109080
A0000109084
A0000109085
A0000109088
A0000109103
A0000109106
A0000109110
A0000109138
A0000096795
A0000096796
A0000096799
A0000096805
A0000096812
A0000096814
A0000096821
A0000096844
A0000111884
A0000111961
A0000111962
A0000111964
A0000111982
A0000111988
A0000111989
A0000111995
A0000112006
A0000112026
AUC000001147
AUC000001149
AUC000001159
AUC000001164
AUC000001170
AUC000001172
AUC000001173
AUC000001175
AUC000001179
AUC000001183
AUC000001184
AUC000001186
AUC000001188
AUC000001189
A0000102674
A0000102692
A0000102695
A0000102707
A0000105973
A0000106064
CPEA001004799
CPEA001004808
CPEA001004809
A0000106171
A0000106175
A0000106187
A0000106192
A0000106206
A0000106210
A0000106211
A0000106213
A0000106226
A0000106227
A0000106231
CPEA001010200
CPEA001018156
CPEA001018208
CPEA006000117
A0000096804
A0000096807
A0000096840
A0000096856
A0000096858
A0000096865
A0000111926
A0000111970
A0000111973
A0000111974
A0000111976
A0000111979
A0000111981
A0000111990
A0000112004
A0000112009
AUC000001137
AUC000001146
AUC000001157
AUC000001158
AUC000001161
AUC000001165
AUC000001169
AUC000001174
AUC000001178
AUC000001180
AUC000001182
AUC000001187
A0000102607
A0000102609
A0000102664
A0000102676
A0000102689
A0000102694
A0000102697
A0000102702
A0000102709
A0000102712
A0000102717
A0000102720
CPEA001004771
A0000106081
CPEA001004823
A0000106093
A0000106113
A0000106161
A0000106195
A0000106198
A0000106199
A0000106200
A0000106202
A0000106217
A0000106218
A0000106222
CPEA001010165
CPEA001010294
CPEA001014413
CPEA001018159
CPEA001018195
A0000109001
A0000111966
A0000111968
A0000111969
A0000111991
A0000112000
A0000112017
A0000112022
A0000112023
A0000106193
A0000109072
A0000109091
A0000109093
A0000111748
A0000111876
A0000111898
A0000111900
A0000111938
A0000111942
A0000111975
A0000111977
A0000112013
RAC000000814
RAC000000819
RAC000000801
RAC000000815
RAC000000802
RAC000000811
M0000001555
M0000003962
M0000004057
M0000004134
M0000005337
M0000005359
M0000006595
M0000006596
M0000006641
M0000006649
M0000006658
M0000006375
M0000007534
M0000007680
M0000007951
M0000007983
M0000008985
M0000008989
M0000009786
M0000009787
M0000009799
M0000009815
M0000010900
M0000010901
M0000010937
M0000010945
M0000010946
M0000010947
M0000010361
M0000010387
M0000011383
M0000011396
M0000011821
MHC000000207
MHC000000236
M0000002557
M0000003802
M0000004103
M0000006166
M0000006612
M0000006659
M0000008000
M0000007877
M0000007956
M0000008767
M0000008962
M0000009782
M0000009809
M0000010915
M0000010928
M0000010399
M0000010411
M0000011384
M0000011818
M0000011822
M0000011833
MHC000000191
MHC000000211
MHC000000214
MHC000000217
